<?xml version="1.0" encoding="UTF-8"?>
<testsuites>
  <testsuite name="fastlane.lanes">
    
    
    
      
      <testcase classname="fastlane.lanes" name="0: default_platform" time="0.000149">
        
      </testcase>
    
      
      <testcase classname="fastlane.lanes" name="1:     xcodebuild clean build       -project FastlaneCICD/FastlaneCICD.xcodeproj       -scheme FastlaneCICD       -sdk iphonesimulator       -configuration Debug       -derivedDataPath build
" time="0.395642">
        
          <failure message="/Users/sathya/.rbenv/versions/3.1.0/lib/ruby/gems/3.1.0/gems/fastlane-2.228.0/fastlane/lib/fastlane/actions/actions_helper.rb:67:in `execute_action&apos;&#10;/Users/sathya/.rbenv/versions/3.1.0/lib/ruby/gems/3.1.0/gems/fastlane-2.228.0/fastlane/lib/fastlane/fast_file.rb:224:in `sh&apos;&#10;/Users/sathya/.rbenv/versions/3.1.0/lib/ruby/gems/3.1.0/gems/fastlane-2.228.0/fastlane/lib/fastlane/fast_file.rb:216:in `sh&apos;&#10;Fastfile:37:in `block (2 levels) in parsing_binding&apos;&#10;/Users/sathya/.rbenv/versions/3.1.0/lib/ruby/gems/3.1.0/gems/fastlane-2.228.0/fastlane/lib/fastlane/lane.rb:41:in `call&apos;&#10;/Users/sathya/.rbenv/versions/3.1.0/lib/ruby/gems/3.1.0/gems/fastlane-2.228.0/fastlane/lib/fastlane/runner.rb:49:in `block in execute&apos;&#10;/Users/sathya/.rbenv/versions/3.1.0/lib/ruby/gems/3.1.0/gems/fastlane-2.228.0/fastlane/lib/fastlane/runner.rb:45:in `chdir&apos;&#10;/Users/sathya/.rbenv/versions/3.1.0/lib/ruby/gems/3.1.0/gems/fastlane-2.228.0/fastlane/lib/fastlane/runner.rb:45:in `execute&apos;&#10;/Users/sathya/.rbenv/versions/3.1.0/lib/ruby/gems/3.1.0/gems/fastlane-2.228.0/fastlane/lib/fastlane/lane_manager.rb:46:in `cruise_lane&apos;&#10;/Users/sathya/.rbenv/versions/3.1.0/lib/ruby/gems/3.1.0/gems/fastlane-2.228.0/fastlane/lib/fastlane/command_line_handler.rb:34:in `handle&apos;&#10;/Users/sathya/.rbenv/versions/3.1.0/lib/ruby/gems/3.1.0/gems/fastlane-2.228.0/fastlane/lib/fastlane/commands_generator.rb:110:in `block (2 levels) in run&apos;&#10;/Users/sathya/.rbenv/versions/3.1.0/lib/ruby/gems/3.1.0/gems/commander-4.6.0/lib/commander/command.rb:187:in `call&apos;&#10;/Users/sathya/.rbenv/versions/3.1.0/lib/ruby/gems/3.1.0/gems/commander-4.6.0/lib/commander/command.rb:157:in `run&apos;&#10;/Users/sathya/.rbenv/versions/3.1.0/lib/ruby/gems/3.1.0/gems/commander-4.6.0/lib/commander/runner.rb:444:in `run_active_command&apos;&#10;/Users/sathya/.rbenv/versions/3.1.0/lib/ruby/gems/3.1.0/gems/fastlane-2.228.0/fastlane_core/lib/fastlane_core/ui/fastlane_runner.rb:124:in `run!&apos;&#10;/Users/sathya/.rbenv/versions/3.1.0/lib/ruby/gems/3.1.0/gems/commander-4.6.0/lib/commander/delegates.rb:18:in `run!&apos;&#10;/Users/sathya/.rbenv/versions/3.1.0/lib/ruby/gems/3.1.0/gems/fastlane-2.228.0/fastlane/lib/fastlane/commands_generator.rb:363:in `run&apos;&#10;/Users/sathya/.rbenv/versions/3.1.0/lib/ruby/gems/3.1.0/gems/fastlane-2.228.0/fastlane/lib/fastlane/commands_generator.rb:43:in `start&apos;&#10;/Users/sathya/.rbenv/versions/3.1.0/lib/ruby/gems/3.1.0/gems/fastlane-2.228.0/fastlane/lib/fastlane/cli_tools_distributor.rb:123:in `take_off&apos;&#10;/Users/sathya/.rbenv/versions/3.1.0/lib/ruby/gems/3.1.0/gems/fastlane-2.228.0/bin/fastlane:23:in `&lt;top (required)&gt;&apos;&#10;/Users/sathya/.rbenv/versions/3.1.0/bin/fastlane:25:in `load&apos;&#10;/Users/sathya/.rbenv/versions/3.1.0/bin/fastlane:25:in `&lt;main&gt;&apos;&#10;&#10;Exit status of command &apos;    xcodebuild clean build       -project FastlaneCICD/FastlaneCICD.xcodeproj       -scheme FastlaneCICD       -sdk iphonesimulator       -configuration Debug       -derivedDataPath build&#10;&apos; was 66 instead of 0.&#10;Command line invocation:&#10;    /Applications/Xcode.app/Contents/Developer/usr/bin/xcodebuild clean build -project FastlaneCICD/FastlaneCICD.xcodeproj -scheme FastlaneCICD -sdk iphonesimulator -configuration Debug -derivedDataPath build&#10;&#10;Build settings from command line:&#10;    SDKROOT = iphonesimulator18.4&#10;&#10;2025-09-22 07:36:06.934 xcodebuild[5116:95378] Writing error result bundle to /var/folders/d5/qszv0vhx4hq1kk6822x0ttnr0000gn/T/ResultBundle_2025-22-09_07-36-0006.xcresult&#10;xcodebuild: error: &apos;FastlaneCICD/FastlaneCICD.xcodeproj&apos; does not exist.&#10;" />
        
      </testcase>
    
  </testsuite>
</testsuites>
